c:\users\rbj428\documents\research_projects\hs_monte_carlo_packing_optimizer\code\hs_monte_carlo_packing_optimizer\debug\vc120.pdb
c:\users\rbj428\documents\research_projects\hs_monte_carlo_packing_optimizer\code\hs_monte_carlo_packing_optimizer\debug\vc120.idb
c:\users\rbj428\documents\research_projects\hs_monte_carlo_packing_optimizer\code\hs_monte_carlo_packing_optimizer\debug\hs_monte_carlo_packing_optimizer.obj
c:\users\rbj428\documents\research_projects\hs_monte_carlo_packing_optimizer\code\debug\hs_monte_carlo_packing_optimizer.pdb
c:\users\rbj428\documents\research_projects\hs_monte_carlo_packing_optimizer\code\hs_monte_carlo_packing_optimizer\debug\hs_monte.07b8b825.tlog\cl.command.1.tlog
c:\users\rbj428\documents\research_projects\hs_monte_carlo_packing_optimizer\code\hs_monte_carlo_packing_optimizer\debug\hs_monte.07b8b825.tlog\cl.read.1.tlog
c:\users\rbj428\documents\research_projects\hs_monte_carlo_packing_optimizer\code\hs_monte_carlo_packing_optimizer\debug\hs_monte.07b8b825.tlog\cl.write.1.tlog
c:\users\rbj428\documents\research_projects\hs_monte_carlo_packing_optimizer\code\hs_monte_carlo_packing_optimizer\debug\hs_monte.07b8b825.tlog\link-cvtres.read.1.tlog
c:\users\rbj428\documents\research_projects\hs_monte_carlo_packing_optimizer\code\hs_monte_carlo_packing_optimizer\debug\hs_monte.07b8b825.tlog\link-cvtres.write.1.tlog
c:\users\rbj428\documents\research_projects\hs_monte_carlo_packing_optimizer\code\hs_monte_carlo_packing_optimizer\debug\hs_monte.07b8b825.tlog\link-rc.read.1.tlog
c:\users\rbj428\documents\research_projects\hs_monte_carlo_packing_optimizer\code\hs_monte_carlo_packing_optimizer\debug\hs_monte.07b8b825.tlog\link-rc.write.1.tlog
c:\users\rbj428\documents\research_projects\hs_monte_carlo_packing_optimizer\code\hs_monte_carlo_packing_optimizer\debug\hs_monte.07b8b825.tlog\link.13936-cvtres.read.1.tlog
c:\users\rbj428\documents\research_projects\hs_monte_carlo_packing_optimizer\code\hs_monte_carlo_packing_optimizer\debug\hs_monte.07b8b825.tlog\link.13936-cvtres.write.1.tlog
c:\users\rbj428\documents\research_projects\hs_monte_carlo_packing_optimizer\code\hs_monte_carlo_packing_optimizer\debug\hs_monte.07b8b825.tlog\link.13936-rc.read.1.tlog
c:\users\rbj428\documents\research_projects\hs_monte_carlo_packing_optimizer\code\hs_monte_carlo_packing_optimizer\debug\hs_monte.07b8b825.tlog\link.13936-rc.write.1.tlog
c:\users\rbj428\documents\research_projects\hs_monte_carlo_packing_optimizer\code\hs_monte_carlo_packing_optimizer\debug\hs_monte.07b8b825.tlog\link.13936.read.1.tlog
c:\users\rbj428\documents\research_projects\hs_monte_carlo_packing_optimizer\code\hs_monte_carlo_packing_optimizer\debug\hs_monte.07b8b825.tlog\link.13936.write.1.tlog
c:\users\rbj428\documents\research_projects\hs_monte_carlo_packing_optimizer\code\hs_monte_carlo_packing_optimizer\debug\hs_monte.07b8b825.tlog\link.command.1.tlog
c:\users\rbj428\documents\research_projects\hs_monte_carlo_packing_optimizer\code\hs_monte_carlo_packing_optimizer\debug\hs_monte.07b8b825.tlog\link.read.1.tlog
c:\users\rbj428\documents\research_projects\hs_monte_carlo_packing_optimizer\code\hs_monte_carlo_packing_optimizer\debug\hs_monte.07b8b825.tlog\link.write.1.tlog
